d:\lr5\oop3\oop3\debug\vc140.pdb
d:\lr5\oop3\oop3\debug\vc140.idb
d:\lr5\oop3\oop3\debug\land.obj
d:\lr5\oop3\oop3\debug\sea.obj
d:\lr5\oop3\oop3\debug\state.obj
d:\lr5\oop3\oop3\debug\controler.obj
d:\lr5\oop3\oop3\debug\island.obj
d:\lr5\oop3\oop3\debug\main.obj
d:\lr5\oop3\oop3\debug\planet.obj
d:\lr5\oop3\oop3\debug\continent.obj
d:\lr5\oop3\oop3\debug\planet.obj.enc
d:\lr5\oop3\debug\oop3.pdb
d:\lr5\oop3\debug\oop3.exe
d:\lr5\oop3\debug\oop3.ilk
d:\lr5\oop3\oop3\debug\oop3.tlog\cl.command.1.tlog
d:\lr5\oop3\oop3\debug\oop3.tlog\cl.read.1.tlog
d:\lr5\oop3\oop3\debug\oop3.tlog\cl.write.1.tlog
d:\lr5\oop3\oop3\debug\oop3.tlog\link.command.1.tlog
d:\lr5\oop3\oop3\debug\oop3.tlog\link.read.1.tlog
d:\lr5\oop3\oop3\debug\oop3.tlog\link.write.1.tlog
