  LR9-10_3.cpp
c:\program files (x86)\microsoft visual studio 14.0\vc\include\algorithm(2776): error C2784: unknown-type std::operator -(std::move_iterator<_RanIt> &,const std::move_iterator<_RanIt2> &): не удалось вывести аргумент шаблон для "std::move_iterator<_RanIt> &" из "std::_Tree_unchecked_iterator<_Mytree>"
          with
          [
              _Mytree=std::_Tree_val<std::_Tree_simple_types<std::pair<const int,Land>>>
          ]
  c:\program files (x86)\microsoft visual studio 14.0\vc\include\xutility(2203): note:  см. объявление "std::operator -"
  c:\program files (x86)\microsoft visual studio 14.0\vc\include\algorithm(2784): note: см. ссылку на создание экземпляров функции шаблон при компиляции "void std::_Sort_unchecked<std::_Tree_unchecked_iterator<_Mytree>,_Pr>(_RanIt,_RanIt,_Pr &)"
          with
          [
              _Mytree=std::_Tree_val<std::_Tree_simple_types<std::pair<const int,Land>>>,
              _Pr=std::less<void>,
              _RanIt=std::_Tree_unchecked_iterator<std::_Tree_val<std::_Tree_simple_types<std::pair<const int,Land>>>>
          ]
  c:\program files (x86)\microsoft visual studio 14.0\vc\include\algorithm(2791): note: см. ссылку на создание экземпляров функции шаблон при компиляции "void std::sort<_RanIt,std::less<void>>(_RanIt,_RanIt,_Pr)"
          with
          [
              _RanIt=std::_Tree_iterator<std::_Tree_val<std::_Tree_simple_types<std::pair<const int,Land>>>>,
              _Pr=std::less<void>
          ]
  f:\oop2repoz\lr9-10 third project\lr9-10_3\lr9-10_3\lr9-10_3.cpp(21): note: см. ссылку на создание экземпляров функции шаблон при компиляции "void std::sort<std::_Tree_iterator<std::_Tree_val<std::_Tree_simple_types<std::pair<_Kty,_Ty>>>>>(_RanIt,_RanIt)"
          with
          [
              _Kty=const int,
              _Ty=Land,
              _RanIt=std::_Tree_iterator<std::_Tree_val<std::_Tree_simple_types<std::pair<const int,Land>>>>
          ]
c:\program files (x86)\microsoft visual studio 14.0\vc\include\algorithm(2776): error C2784: unknown-type std::operator -(const std::reverse_iterator<_RanIt> &,const std::reverse_iterator<_RanIt2> &): не удалось вывести аргумент шаблон для "const std::reverse_iterator<_RanIt> &" из "std::_Tree_unchecked_iterator<_Mytree>"
          with
          [
              _Mytree=std::_Tree_val<std::_Tree_simple_types<std::pair<const int,Land>>>
          ]
  c:\program files (x86)\microsoft visual studio 14.0\vc\include\xutility(1289): note:  см. объявление "std::operator -"
c:\program files (x86)\microsoft visual studio 14.0\vc\include\algorithm(2776): error C2676: бинарный "-": "std::_Tree_unchecked_iterator<_Mytree>" не определяет этот оператор или преобразование к типу приемлемо к встроенному оператору
          with
          [
              _Mytree=std::_Tree_val<std::_Tree_simple_types<std::pair<const int,Land>>>
          ]
c:\program files (x86)\microsoft visual studio 14.0\vc\include\algorithm(2776): error C2672: "_Sort_unchecked1": не найдена соответствующая перегруженная функция
c:\program files (x86)\microsoft visual studio 14.0\vc\include\algorithm(2776): error C2780: void std::_Sort_unchecked1(_RanIt,_RanIt,_Diff,_Pr &): требует аргументов: 4, имеется: 3
  c:\program files (x86)\microsoft visual studio 14.0\vc\include\algorithm(2742): note:  см. объявление "std::_Sort_unchecked1"
